2025-05-21 15:27:24,459 - __main__ - INFO - Starting pipeline
2025-05-21 15:27:24,460 - __main__ - INFO - Starting score_identifiers
2025-05-21 15:27:24,461 - __main__ - INFO - Resolving DOI: 10.5061/dryad.4j0zpc8p9
2025-05-21 15:27:24,590 - __main__ - WARNING - Crossref API returned 404 for DOI: 10.5061/dryad.4j0zpc8p9. Response: Resource not found.. Falling back to general DOI resolver.
2025-05-21 15:27:24,591 - __main__ - INFO - Attempting to resolve DOI 10.5061/dryad.4j0zpc8p9 via general resolver: https://doi.org/10.5061/dryad.4j0zpc8p9
2025-05-21 15:27:25,318 - __main__ - INFO - Resolved DOI 10.5061/dryad.4j0zpc8p9 to URL via general resolver: https://datadryad.org/dataset/doi:10.5061/dryad.4j0zpc8p9
2025-05-21 15:27:25,320 - __main__ - INFO - Resolving DOI: 10.6084/m9.figshare.6025748
2025-05-21 15:27:25,363 - __main__ - WARNING - Crossref API returned 404 for DOI: 10.6084/m9.figshare.6025748. Response: Resource not found.. Falling back to general DOI resolver.
2025-05-21 15:27:25,365 - __main__ - INFO - Attempting to resolve DOI 10.6084/m9.figshare.6025748 via general resolver: https://doi.org/10.6084/m9.figshare.6025748
2025-05-21 15:27:26,114 - __main__ - INFO - Resolved DOI 10.6084/m9.figshare.6025748 to URL via general resolver: https://figshare.com/articles/dataset/dx_doi_org_10_6084_m9_figshare_6025748/6025748
2025-05-21 15:27:26,115 - __main__ - INFO - Resolving accession: NC_045512
2025-05-21 15:27:26,116 - __main__ - INFO - Accession template: https://www.ncbi.nlm.nih.gov/nuccore/{acc}
2025-05-21 15:27:26,117 - __main__ - INFO - Resolved accession: https://www.ncbi.nlm.nih.gov/nuccore/NC_045512
2025-05-21 15:27:26,119 - __main__ - INFO - Fetching status for URL: https://zenodo.org/record/7673768
2025-05-21 15:27:26,120 - __main__ - INFO - Fetching status for URL: https://openneuro.org/datasets/ds004470/about
2025-05-21 15:27:26,121 - __main__ - INFO - Fetching status for URL: https://datadryad.org/dataset/doi:10.5061/dryad.4j0zpc8p9
2025-05-21 15:27:26,123 - __main__ - INFO - Fetching status for URL: https://figshare.com/articles/dataset/dx_doi_org_10_6084_m9_figshare_6025748/6025748
2025-05-21 15:27:26,125 - __main__ - INFO - Fetching status for URL: https://www.ncbi.nlm.nih.gov/nuccore/NC_045512
2025-05-21 15:27:26,374 - __main__ - INFO - Fetched status: 200, final URL: https://openneuro.org/datasets/ds004470/about
2025-05-21 15:27:26,415 - __main__ - INFO - Fetched status: 200, final URL: https://figshare.com/articles/dataset/dx_doi_org_10_6084_m9_figshare_6025748/6025748
2025-05-21 15:27:26,535 - __main__ - INFO - Fetched status: 200, final URL: https://datadryad.org/dataset/doi:10.5061/dryad.4j0zpc8p9
2025-05-21 15:27:27,206 - __main__ - INFO - Fetched status: 200, final URL: https://zenodo.org/records/7673769
2025-05-21 15:27:27,208 - __main__ - INFO - Fetched status: 200, final URL: https://www.ncbi.nlm.nih.gov/nuccore/NC_045512
2025-05-21 15:27:27,210 - __main__ - INFO - Completed fetch_status
2025-05-21 15:27:27,213 - __main__ - INFO - Completed score_identifiers
2025-05-21 15:27:27,214 - __main__ - INFO - Completed pipeline
2025-05-21 15:27:27,215 - __main__ - INFO - Saving results
2025-05-21 15:27:27,221 - __main__ - INFO - Results written to nih-s-index-challenge/reports/findability_results.csv
2025-05-21 15:28:25,889 - __main__ - INFO - Starting pipeline
2025-05-21 15:28:25,890 - __main__ - INFO - Starting score_identifiers
2025-05-21 15:28:25,892 - __main__ - INFO - Resolving DOI: 10.5061/dryad.4j0zpc8p9
2025-05-21 15:28:26,002 - __main__ - WARNING - Crossref API returned 404 for DOI: 10.5061/dryad.4j0zpc8p9. Response: Resource not found.. Falling back to general DOI resolver.
2025-05-21 15:28:26,004 - __main__ - INFO - Attempting to resolve DOI 10.5061/dryad.4j0zpc8p9 via general resolver: https://doi.org/10.5061/dryad.4j0zpc8p9
2025-05-21 15:28:26,521 - __main__ - INFO - Resolved DOI 10.5061/dryad.4j0zpc8p9 to URL via general resolver: https://datadryad.org/dataset/doi:10.5061/dryad.4j0zpc8p9
2025-05-21 15:28:26,523 - __main__ - INFO - Resolving DOI: 10.6084/m9.figshare.6025748
2025-05-21 15:28:26,559 - __main__ - WARNING - Crossref API returned 404 for DOI: 10.6084/m9.figshare.6025748. Response: Resource not found.. Falling back to general DOI resolver.
2025-05-21 15:28:26,560 - __main__ - INFO - Attempting to resolve DOI 10.6084/m9.figshare.6025748 via general resolver: https://doi.org/10.6084/m9.figshare.6025748
2025-05-21 15:28:27,247 - __main__ - INFO - Resolved DOI 10.6084/m9.figshare.6025748 to URL via general resolver: https://figshare.com/articles/dataset/dx_doi_org_10_6084_m9_figshare_6025748/6025748
2025-05-21 15:28:27,248 - __main__ - INFO - Resolving accession: NC_045512
2025-05-21 15:28:27,249 - __main__ - INFO - Accession template: https://www.ncbi.nlm.nih.gov/nuccore/{acc}
2025-05-21 15:28:27,250 - __main__ - INFO - Resolved accession: https://www.ncbi.nlm.nih.gov/nuccore/NC_045512
2025-05-21 15:28:27,251 - __main__ - INFO - Fetching status for URL: https://zenodo.org/record/7673768
2025-05-21 15:28:27,253 - __main__ - INFO - Fetching status for URL: https://openneuro.org/datasets/ds004470/about
2025-05-21 15:28:27,255 - __main__ - INFO - Fetching status for URL: https://datadryad.org/dataset/doi:10.5061/dryad.4j0zpc8p9
2025-05-21 15:28:27,256 - __main__ - INFO - Fetching status for URL: https://figshare.com/articles/dataset/dx_doi_org_10_6084_m9_figshare_6025748/6025748
2025-05-21 15:28:27,257 - __main__ - INFO - Fetching status for URL: https://www.ncbi.nlm.nih.gov/nuccore/NC_045512
2025-05-21 15:28:27,380 - __main__ - INFO - Fetched status: 200, final URL: https://openneuro.org/datasets/ds004470/about
2025-05-21 15:28:27,692 - __main__ - INFO - Fetched status: 200, final URL: https://datadryad.org/dataset/doi:10.5061/dryad.4j0zpc8p9
2025-05-21 15:28:27,876 - __main__ - INFO - Fetched status: 200, final URL: https://figshare.com/articles/dataset/dx_doi_org_10_6084_m9_figshare_6025748/6025748
2025-05-21 15:28:28,206 - __main__ - INFO - Fetched status: 200, final URL: https://www.ncbi.nlm.nih.gov/nuccore/NC_045512
2025-05-21 15:28:28,642 - __main__ - INFO - Fetched status: 200, final URL: https://zenodo.org/records/7673769
2025-05-21 15:28:28,643 - __main__ - INFO - Completed fetch_status
2025-05-21 15:28:28,647 - __main__ - INFO - Completed score_identifiers
2025-05-21 15:28:28,648 - __main__ - INFO - Completed pipeline
2025-05-21 15:28:28,648 - __main__ - INFO - Saving results
2025-05-21 15:28:28,654 - __main__ - INFO - Results written to nih-s-index-challenge/reports/findability_results.csv
